<?xml version="1.0" encoding="UTF-8"?>
<testng-results skipped="0" failed="0" ignored="0" total="1" passed="1">
  <reporter-output>
  </reporter-output>
  <suite name="com.westwing.testcases.SearchTest" duration-ms="39179" started-at="2021-06-05T22:10:28 IST" finished-at="2021-06-05T22:11:07 IST">
    <groups>
    </groups>
    <test name="Command line test" duration-ms="39179" started-at="2021-06-05T22:10:28 IST" finished-at="2021-06-05T22:11:07 IST">
      <class name="com.westwing.testcases.SearchTest">
        <test-method status="PASS" signature="setUp(java.lang.String)[pri:0, instance:com.westwing.testcases.SearchTest@4f970963]" name="setUp" is-config="true" duration-ms="10996" started-at="2021-06-05T22:10:28 IST" finished-at="2021-06-05T22:10:39 IST">
          <params>
            <param index="0">
              <value is-null="true"/>
            </param>
          </params>
          <reporter-output>
          </reporter-output>
        </test-method> <!-- setUp -->
        <test-method status="PASS" signature="verifySearchedItemAddToWishList()[pri:0, instance:com.westwing.testcases.SearchTest@4f970963]" name="verifySearchedItemAddToWishList" duration-ms="23545" started-at="2021-06-05T22:10:39 IST" finished-at="2021-06-05T22:11:02 IST">
          <reporter-output>
          </reporter-output>
        </test-method> <!-- verifySearchedItemAddToWishList -->
        <test-method status="PASS" signature="tearDown()[pri:0, instance:com.westwing.testcases.SearchTest@4f970963]" name="tearDown" is-config="true" duration-ms="4609" started-at="2021-06-05T22:11:02 IST" finished-at="2021-06-05T22:11:07 IST">
          <reporter-output>
          </reporter-output>
        </test-method> <!-- tearDown -->
      </class> <!-- com.westwing.testcases.SearchTest -->
    </test> <!-- Command line test -->
  </suite> <!-- com.westwing.testcases.SearchTest -->
</testng-results>
