<?xml version="1.0" encoding="UTF-8"?>
<testng-results skipped="0" failed="0" ignored="0" total="1" passed="1">
  <reporter-output>
  </reporter-output>
  <suite name="Default suite" duration-ms="50604" started-at="2021-06-08T00:23:45 IST" finished-at="2021-06-08T00:24:35 IST">
    <groups>
    </groups>
    <test name="Default test" duration-ms="50604" started-at="2021-06-08T00:23:45 IST" finished-at="2021-06-08T00:24:35 IST">
      <class name="com.westwing.testcases.SearchTest">
        <test-method status="PASS" signature="setUp(java.lang.String)[pri:0, instance:com.westwing.testcases.SearchTest@25af5db5]" name="setUp" is-config="true" duration-ms="24699" started-at="2021-06-08T00:23:45 IST" finished-at="2021-06-08T00:24:09 IST">
          <params>
            <param index="0">
              <value is-null="true"/>
            </param>
          </params>
          <reporter-output>
          </reporter-output>
        </test-method> <!-- setUp -->
        <test-method status="PASS" signature="verifySearchedItemAddToWishList()[pri:0, instance:com.westwing.testcases.SearchTest@25af5db5]" name="verifySearchedItemAddToWishList" duration-ms="23295" started-at="2021-06-08T00:24:09 IST" finished-at="2021-06-08T00:24:33 IST">
          <reporter-output>
          </reporter-output>
        </test-method> <!-- verifySearchedItemAddToWishList -->
        <test-method status="PASS" signature="tearDown()[pri:0, instance:com.westwing.testcases.SearchTest@25af5db5]" name="tearDown" is-config="true" duration-ms="2574" started-at="2021-06-08T00:24:33 IST" finished-at="2021-06-08T00:24:35 IST">
          <reporter-output>
          </reporter-output>
        </test-method> <!-- tearDown -->
      </class> <!-- com.westwing.testcases.SearchTest -->
    </test> <!-- Default test -->
  </suite> <!-- Default suite -->
</testng-results>
